<?xml version="1.0" encoding="UTF-8"?>
<!-- Generated by org.testng.reporters.JUnitReportReporter -->
<testsuite hostname="DESKTOP-KT6A136" failures="0" tests="7" name="udemymv.Yatra.YatraTest" time="38.735" errors="0" timestamp="2021-08-17T22:30:26 IST" skipped="0">
  <testcase classname="udemymv.Yatra.YatraTest" name="pageTitle" time="0.038"/>
  <system-out/>
  <testcase classname="udemymv.Yatra.YatraTest" name="sourceplace" time="1.999"/>
  <system-out/>
  <testcase classname="udemymv.Yatra.YatraTest" name="destinationplace" time="0.705"/>
  <system-out/>
  <testcase classname="udemymv.Yatra.YatraTest" name="departuredate" time="0.767"/>
  <system-out/>
  <testcase classname="udemymv.Yatra.YatraTest" name="submitbutton_enabled" time="0.058"/>
  <system-out/>
  <testcase classname="udemymv.Yatra.YatraTest" name="click" time="35.116"/>
  <system-out/>
  <testcase classname="udemymv.Yatra.YatraTest" name="submitbutton" time="0.052"/>
  <system-out/>
</testsuite> <!-- udemymv.Yatra.YatraTest -->
